<?xml version="1.0" encoding="UTF-8"?>
<testng-results skipped="0" failed="0" ignored="0" total="1" passed="1">
  <reporter-output>
  </reporter-output>
  <suite name="Default suite" duration-ms="13692" started-at="2017-10-03T03:48:39Z" finished-at="2017-10-03T03:48:52Z">
    <groups>
    </groups>
    <test name="Default test" duration-ms="13692" started-at="2017-10-03T03:48:39Z" finished-at="2017-10-03T03:48:52Z">
      <class name="com.TestScript.AutoItscript">
        <test-method status="PASS" signature="setup()[pri:0, instance:com.TestScript.AutoItscript@4883b407]" name="setup" is-config="true" duration-ms="12492" started-at="2017-10-03T09:18:39Z" finished-at="2017-10-03T09:18:51Z">
          <reporter-output>
          </reporter-output>
        </test-method> <!-- setup -->
        <test-method status="PASS" signature="autoit()[pri:0, instance:com.TestScript.AutoItscript@4883b407]" name="autoit" duration-ms="215" started-at="2017-10-03T09:18:51Z" finished-at="2017-10-03T09:18:51Z">
          <reporter-output>
          </reporter-output>
        </test-method> <!-- autoit -->
        <test-method status="PASS" signature="teardown()[pri:0, instance:com.TestScript.AutoItscript@4883b407]" name="teardown" is-config="true" duration-ms="963" started-at="2017-10-03T09:18:51Z" finished-at="2017-10-03T09:18:52Z">
          <reporter-output>
          </reporter-output>
        </test-method> <!-- teardown -->
      </class> <!-- com.TestScript.AutoItscript -->
    </test> <!-- Default test -->
  </suite> <!-- Default suite -->
</testng-results>
